# JRE version: OpenJDK Runtime Environment Temurin-17.0.11+9 (17.0.11+9) (build 17.0.11+9)
# Java VM: OpenJDK 64-Bit Server VM Temurin-17.0.11+9 (17.0.11+9, mixed mode, emulated-client, tiered, compressed oops, compressed class ptrs, g1 gc, windows-amd64)
GC Precious Log:
 CPUs: 4 total, 4 available
 Memory: 8094M
 Large Page Support: Disabled
 NUMA Support: Disabled
 Compressed Oops: Enabled (32-bit)
 Heap Region Size: 1M
 Heap Min Capacity: 8M
 Heap Initial Capacity: 128M
 Heap Max Capacity: 1G
 Pre-touch: Disabled
 Parallel Workers: 4
 Concurrent Workers: 1
 Concurrent Refinement Workers: 4
 Periodic GC: Disabled
Heap:
 garbage-first heap   total 91136K, used 61672K [0x00000000c0000000, 0x0000000100000000)
  region size 1024K, 28 young (28672K), 0 survivors (0K)
 Metaspace       used 59357K, committed 59968K, reserved 1114112K
  class space    used 7374K, committed 7616K, reserved 1048576K
GC Heap History (20 events):
Event: 182.404 GC heap before
{Heap before GC invocations=24 (full 11):
 garbage-first heap   total 91136K, used 34734K [0x00000000c0000000, 0x0000000100000000)
  region size 1024K, 1 young (1024K), 0 survivors (0K)
 Metaspace       used 59148K, committed 59968K, reserved 1114112K
  class space    used 7316K, committed 7616K, reserved 1048576K
}
Event: 182.454 GC heap after
{Heap after GC invocations=25 (full 12):
 garbage-first heap   total 91136K, used 34734K [0x00000000c0000000, 0x0000000100000000)
  region size 1024K, 0 young (0K), 0 survivors (0K)
 Metaspace       used 59148K, committed 59968K, reserved 1114112K
  class space    used 7316K, committed 7616K, reserved 1048576K
}
Event: 192.773 GC heap before
{Heap before GC invocations=25 (full 12):
 garbage-first heap   total 91136K, used 34734K [0x00000000c0000000, 0x0000000100000000)
  region size 1024K, 1 young (1024K), 0 survivors (0K)
 Metaspace       used 59148K, committed 59968K, reserved 1114112K
  class space    used 7316K, committed 7616K, reserved 1048576K
}
Event: 192.825 GC heap after
{Heap after GC invocations=26 (full 13):
 garbage-first heap   total 91136K, used 34734K [0x00000000c0000000, 0x0000000100000000)
  region size 1024K, 0 young (0K), 0 survivors (0K)
 Metaspace       used 59148K, committed 59968K, reserved 1114112K
  class space    used 7316K, committed 7616K, reserved 1048576K
}
Event: 203.098 GC heap before
{Heap before GC invocations=26 (full 13):
 garbage-first heap   total 91136K, used 34734K [0x00000000c0000000, 0x0000000100000000)
  region size 1024K, 1 young (1024K), 0 survivors (0K)
 Metaspace       used 59148K, committed 59968K, reserved 1114112K
  class space    used 7316K, committed 7616K, reserved 1048576K
}
Event: 203.151 GC heap after
{Heap after GC invocations=27 (full 14):
 garbage-first heap   total 91136K, used 34734K [0x00000000c0000000, 0x0000000100000000)
  region size 1024K, 0 young (0K), 0 survivors (0K)
 Metaspace       used 59148K, committed 59968K, reserved 1114112K
  class space    used 7316K, committed 7616K, reserved 1048576K
}
Event: 213.658 GC heap before
{Heap before GC invocations=27 (full 14):
 garbage-first heap   total 91136K, used 34734K [0x00000000c0000000, 0x0000000100000000)
  region size 1024K, 1 young (1024K), 0 survivors (0K)
 Metaspace       used 59148K, committed 59968K, reserved 1114112K
  class space    used 7316K, committed 7616K, reserved 1048576K
}
Event: 213.707 GC heap after
{Heap after GC invocations=28 (full 15):
 garbage-first heap   total 91136K, used 34734K [0x00000000c0000000, 0x0000000100000000)
  region size 1024K, 0 young (0K), 0 survivors (0K)
 Metaspace       used 59148K, committed 59968K, reserved 1114112K
  class space    used 7316K, committed 7616K, reserved 1048576K
}
Event: 223.982 GC heap before
{Heap before GC invocations=28 (full 15):
 garbage-first heap   total 91136K, used 34734K [0x00000000c0000000, 0x0000000100000000)
  region size 1024K, 1 young (1024K), 0 survivors (0K)
 Metaspace       used 59148K, committed 59968K, reserved 1114112K
  class space    used 7316K, committed 7616K, reserved 1048576K
}
Event: 224.039 GC heap after
{Heap after GC invocations=29 (full 16):
 garbage-first heap   total 91136K, used 34734K [0x00000000c0000000, 0x0000000100000000)
  region size 1024K, 0 young (0K), 0 survivors (0K)
 Metaspace       used 59148K, committed 59968K, reserved 1114112K
  class space    used 7316K, committed 7616K, reserved 1048576K
}
Event: 274.513 GC heap before
{Heap before GC invocations=29 (full 16):
 garbage-first heap   total 91136K, used 37806K [0x00000000c0000000, 0x0000000100000000)
  region size 1024K, 4 young (4096K), 0 survivors (0K)
 Metaspace       used 59161K, committed 59968K, reserved 1114112K
  class space    used 7321K, committed 7616K, reserved 1048576K
}
Event: 274.590 GC heap after
{Heap after GC invocations=30 (full 17):
 garbage-first heap   total 91136K, used 34771K [0x00000000c0000000, 0x0000000100000000)
  region size 1024K, 0 young (0K), 0 survivors (0K)
 Metaspace       used 59161K, committed 59968K, reserved 1114112K
  class space    used 7321K, committed 7616K, reserved 1048576K
}
Event: 285.000 GC heap before
{Heap before GC invocations=30 (full 17):
 garbage-first heap   total 91136K, used 34771K [0x00000000c0000000, 0x0000000100000000)
  region size 1024K, 1 young (1024K), 0 survivors (0K)
 Metaspace       used 59161K, committed 59968K, reserved 1114112K
  class space    used 7321K, committed 7616K, reserved 1048576K
}
Event: 285.054 GC heap after
{Heap after GC invocations=31 (full 18):
 garbage-first heap   total 91136K, used 34771K [0x00000000c0000000, 0x0000000100000000)
  region size 1024K, 0 young (0K), 0 survivors (0K)
 Metaspace       used 59161K, committed 59968K, reserved 1114112K
  class space    used 7321K, committed 7616K, reserved 1048576K
}
Event: 295.698 GC heap before
{Heap before GC invocations=31 (full 18):
 garbage-first heap   total 91136K, used 34771K [0x00000000c0000000, 0x0000000100000000)
  region size 1024K, 1 young (1024K), 0 survivors (0K)
 Metaspace       used 59161K, committed 59968K, reserved 1114112K
  class space    used 7321K, committed 7616K, reserved 1048576K
}
Event: 295.747 GC heap after
{Heap after GC invocations=32 (full 19):
 garbage-first heap   total 91136K, used 34697K [0x00000000c0000000, 0x0000000100000000)
  region size 1024K, 0 young (0K), 0 survivors (0K)
 Metaspace       used 59161K, committed 59968K, reserved 1114112K
  class space    used 7321K, committed 7616K, reserved 1048576K
}
Event: 306.125 GC heap before
{Heap before GC invocations=32 (full 19):
 garbage-first heap   total 91136K, used 34697K [0x00000000c0000000, 0x0000000100000000)
  region size 1024K, 1 young (1024K), 0 survivors (0K)
 Metaspace       used 59161K, committed 59968K, reserved 1114112K
  class space    used 7321K, committed 7616K, reserved 1048576K
}
Event: 306.182 GC heap after
{Heap after GC invocations=33 (full 20):
 garbage-first heap   total 91136K, used 34696K [0x00000000c0000000, 0x0000000100000000)
  region size 1024K, 0 young (0K), 0 survivors (0K)
 Metaspace       used 59161K, committed 59968K, reserved 1114112K
  class space    used 7321K, committed 7616K, reserved 1048576K
}
Event: 356.673 GC heap before
{Heap before GC invocations=33 (full 20):
 garbage-first heap   total 91136K, used 50056K [0x00000000c0000000, 0x0000000100000000)
  region size 1024K, 16 young (16384K), 0 survivors (0K)
 Metaspace       used 59350K, committed 59968K, reserved 1114112K
  class space    used 7372K, committed 7616K, reserved 1048576K
}
Event: 356.968 GC heap after
{Heap after GC invocations=34 (full 21):
 garbage-first heap   total 91136K, used 35048K [0x00000000c0000000, 0x0000000100000000)
  region size 1024K, 0 young (0K), 0 survivors (0K)
 Metaspace       used 59350K, committed 59968K, reserved 1114112K
  class space    used 7372K, committed 7616K, reserved 1048576K
}

